2025/11/04 05:05:38 config.go:22: error loading environment variables: required key BASE_API_URL missing value
2025/11/04 05:16:48 main.go:60: starting server at port:  8089
2025/11/04 05:16:50 logger.go:40: [ERROR] POST /login 405 0s
2025/11/04 05:16:53 main.go:72: attempting to shutdown server gracefully
2025/11/07 04:46:22 main.go:60: starting server at port:  8089
2025/11/07 04:46:34 main.go:72: attempting to shutdown server gracefully
2025/11/07 05:44:18 main.go:60: starting server at port:  8089
2025/11/07 05:44:37 logger.go:40: [INFO] GET /login 201 0s
2025/11/07 05:44:44 main.go:72: attempting to shutdown server gracefully
2025/11/07 06:19:14 main.go:60: starting server at port:  8089
2025/11/07 06:19:19 logger.go:40: [INFO] GET /login 201 0s
2025/11/07 06:19:37 logger.go:40: [INFO] GET /login 201 0s
2025/11/07 06:19:53 auth.go:50: successfully authenticated
2025/11/07 06:19:54 handler.go:97: error parsing response of all objects, json: cannot unmarshal number into Go struct field ObjDataFromResponse.data of type string
2025/11/07 06:19:54 logger.go:40: [INFO] GET /api/v1/objects 200 760ms
2025/11/07 06:20:23 auth.go:50: successfully authenticated
2025/11/07 06:20:24 handler.go:97: error parsing response of all objects, json: cannot unmarshal number into Go struct field ObjDataFromResponse.data of type string
2025/11/07 06:20:24 logger.go:40: [INFO] GET /api/v1/objects 200 632ms
2025/11/07 06:22:14 main.go:72: attempting to shutdown server gracefully
2025/11/07 06:22:15 main.go:60: starting server at port:  8089
2025/11/07 06:22:20 logger.go:40: [INFO] GET /login 201 0s
2025/11/07 06:22:43 auth.go:50: successfully authenticated
2025/11/07 06:22:43 logger.go:40: [INFO] GET /api/v1/objects 200 594ms
2025/11/07 06:24:08 main.go:72: attempting to shutdown server gracefully
2025/11/07 11:55:15 main.go:60: starting server at port:  8089
2025/11/07 11:55:42 logger.go:40: [INFO] GET /login 201 0s
2025/11/07 11:56:11 auth.go:50: successfully authenticated
2025/11/07 11:56:11 logger.go:40: [ERROR] GET /api/v1/objects/2 400 0s
2025/11/07 11:57:18 logger.go:40: [ERROR] GET /api/v1/objects/ 404 0s
2025/11/07 11:57:26 auth.go:50: successfully authenticated
2025/11/07 11:57:32 logger.go:40: [INFO] GET /api/v1/objects 200 4.396s
2025/11/07 11:57:40 auth.go:50: successfully authenticated
2025/11/07 11:57:40 logger.go:40: [ERROR] GET /api/v1/objects/1 400 0s
2025/11/07 11:59:38 auth.go:42: token has invalid claims: token is expired
2025/11/07 11:59:38 logger.go:40: [ERROR] GET /api/v1/objects/1 401 1ms
2025/11/07 12:00:50 logger.go:40: [INFO] GET /login 201 0s
2025/11/07 12:01:07 auth.go:50: successfully authenticated
2025/11/07 12:01:07 logger.go:40: [ERROR] GET /api/v1/objects/1 400 0s
2025/11/07 12:01:36 auth.go:50: successfully authenticated
2025/11/07 12:01:36 logger.go:40: [ERROR] GET /api/v1/objects/1 400 0s
2025/11/07 12:01:40 main.go:72: attempting to shutdown server gracefully
2025/11/07 12:01:43 main.go:60: starting server at port:  8089
2025/11/07 12:01:55 logger.go:40: [INFO] GET /login 201 0s
2025/11/07 12:02:11 auth.go:50: successfully authenticated
2025/11/07 12:02:11 logger.go:40: [ERROR] GET /api/v1/objects/1 400 0s
2025/11/07 12:04:32 main.go:72: attempting to shutdown server gracefully
2025/11/07 12:04:37 main.go:60: starting server at port:  8089
2025/11/07 12:04:47 logger.go:40: [INFO] GET /login 201 0s
2025/11/07 12:04:59 auth.go:50: successfully authenticated
2025/11/07 12:05:00 logger.go:40: [INFO] GET /api/v1/objects/1 200 1.225s
2025/11/07 12:05:11 main.go:72: attempting to shutdown server gracefully
2025/11/07 12:34:22 main.go:60: starting server at port:  8089
2025/11/07 12:34:25 auth.go:42: token has invalid claims: token is expired
2025/11/07 12:34:25 logger.go:40: [ERROR] GET /api/v1/objects/1 401 1ms
2025/11/07 12:34:35 logger.go:40: [INFO] GET /login 201 0s
2025/11/07 12:34:56 auth.go:50: successfully authenticated
2025/11/07 12:35:00 logger.go:40: [INFO] GET /api/v1/objects/2 200 3.614s
2025/11/07 12:35:03 main.go:72: attempting to shutdown server gracefully
